{
  "RSpec": {
    "coverage": {
      "/Users/bmartenson/turing/3module/projects/what_are_the_odds/app/helpers/application_helper.rb": [
        1,
        null
      ],
      "/Users/bmartenson/turing/3module/projects/what_are_the_odds/app/helpers/challenges_helper.rb": [
        1,
        null
      ],
      "/Users/bmartenson/turing/3module/projects/what_are_the_odds/app/helpers/home_helper.rb": [
        1,
        null
      ],
      "/Users/bmartenson/turing/3module/projects/what_are_the_odds/app/helpers/sessions_helper.rb": [
        1,
        null
      ],
      "/Users/bmartenson/turing/3module/projects/what_are_the_odds/app/helpers/users_helper.rb": [
        1,
        null
      ],
      "/Users/bmartenson/turing/3module/projects/what_are_the_odds/app/controllers/challenges_controller.rb": [
        1,
        null,
        1,
        1,
        null,
        null,
        1,
        1,
        null,
        null,
        1,
        1,
        null,
        1,
        1,
        1,
        null,
        0,
        null,
        null,
        null,
        1,
        null,
        1,
        1,
        null,
        null,
        null
      ],
      "/Users/bmartenson/turing/3module/projects/what_are_the_odds/app/controllers/application_controller.rb": [
        1,
        1,
        null,
        null,
        1,
        null,
        1,
        39,
        null,
        null,
        1,
        0,
        null,
        null,
        null
      ],
      "/Users/bmartenson/turing/3module/projects/what_are_the_odds/app/controllers/home_controller.rb": [
        1,
        null,
        1,
        null,
        null,
        null
      ],
      "/Users/bmartenson/turing/3module/projects/what_are_the_odds/app/controllers/sessions_controller.rb": [
        1,
        null,
        1,
        6,
        6,
        6,
        6,
        6,
        null,
        0,
        0,
        null,
        null,
        null,
        1,
        2,
        null,
        2,
        2,
        null,
        2,
        null,
        null,
        null
      ],
      "/Users/bmartenson/turing/3module/projects/what_are_the_odds/app/controllers/users_controller.rb": [
        1,
        1,
        3,
        null,
        null,
        1,
        2,
        2,
        2,
        null,
        0,
        0,
        null,
        null,
        null,
        1,
        null,
        1,
        2,
        null,
        null,
        null
      ],
      "/Users/bmartenson/turing/3module/projects/what_are_the_odds/app/models/challenge.rb": [
        1,
        1,
        null
      ],
      "/Users/bmartenson/turing/3module/projects/what_are_the_odds/app/models/user.rb": [
        1,
        1,
        null,
        1,
        6,
        6,
        6,
        6,
        6,
        null,
        6,
        6,
        null,
        null,
        null,
        null
      ]
    },
    "timestamp": 1456812812
  }
}
