{
  "RSpec": {
    "coverage": {
      "/Users/bmartenson/turing/3module/projects/what_are_the_odds/app/helpers/application_helper.rb": [
        1,
        null
      ],
      "/Users/bmartenson/turing/3module/projects/what_are_the_odds/app/helpers/challenges_helper.rb": [
        1,
        null
      ],
      "/Users/bmartenson/turing/3module/projects/what_are_the_odds/app/helpers/home_helper.rb": [
        1,
        null
      ],
      "/Users/bmartenson/turing/3module/projects/what_are_the_odds/app/helpers/posts_helper.rb": [
        1,
        null
      ],
      "/Users/bmartenson/turing/3module/projects/what_are_the_odds/app/helpers/sessions_helper.rb": [
        1,
        null
      ],
      "/Users/bmartenson/turing/3module/projects/what_are_the_odds/app/helpers/users_helper.rb": [
        1,
        null
      ],
      "/Users/bmartenson/turing/3module/projects/what_are_the_odds/app/controllers/posts_controller.rb": [
        1,
        null,
        null,
        1,
        1,
        1,
        1,
        null,
        0,
        0,
        null,
        null,
        null,
        1,
        null,
        1,
        1,
        null,
        null,
        null,
        null
      ],
      "/Users/bmartenson/turing/3module/projects/what_are_the_odds/app/controllers/application_controller.rb": [
        1,
        1,
        1,
        1,
        1,
        1,
        null,
        null,
        1,
        null,
        1,
        0,
        null,
        null,
        1,
        0,
        0,
        null,
        null,
        1,
        0,
        0,
        null,
        null,
        1,
        0,
        null,
        null,
        1,
        0,
        null,
        null,
        null
      ],
      "/Users/bmartenson/turing/3module/projects/what_are_the_odds/app/models/user.rb": [
        1,
        1,
        1,
        1,
        1,
        null,
        1,
        1,
        1,
        1,
        null,
        1,
        0,
        0,
        0,
        0,
        0,
        0,
        0,
        null,
        null,
        null,
        null,
        null,
        null,
        null,
        null,
        null,
        null,
        null,
        null,
        null,
        null
      ],
      "/Users/bmartenson/turing/3module/projects/what_are_the_odds/app/models/challenge.rb": [
        1,
        1,
        1,
        1,
        null,
        1,
        1,
        1,
        null,
        1,
        0,
        null,
        null,
        1,
        0,
        null,
        null,
        1,
        0,
        null,
        null,
        1,
        0,
        null,
        null,
        1,
        0,
        null,
        null,
        null
      ],
      "/Users/bmartenson/turing/3module/projects/what_are_the_odds/app/models/post.rb": [
        1,
        1,
        1,
        null
      ],
      "/Users/bmartenson/turing/3module/projects/what_are_the_odds/app/controllers/challenges_controller.rb": [
        0,
        0,
        0,
        0,
        0,
        0,
        0,
        0,
        0,
        0,
        0,
        0,
        0,
        0,
        0,
        0,
        0,
        0,
        0,
        0,
        0,
        0,
        0,
        0,
        0,
        0,
        0,
        0,
        0,
        0,
        0,
        0,
        0,
        0,
        0,
        0,
        0,
        0,
        0,
        0,
        0,
        0,
        0,
        0,
        0,
        0,
        0,
        0,
        0,
        0,
        0,
        0,
        0,
        0,
        0,
        0,
        0,
        0,
        0,
        0,
        0,
        0,
        0,
        0,
        0,
        0,
        0,
        0,
        0,
        0,
        0,
        0
      ],
      "/Users/bmartenson/turing/3module/projects/what_are_the_odds/app/controllers/home_controller.rb": [
        0,
        0,
        0,
        0,
        0,
        0
      ],
      "/Users/bmartenson/turing/3module/projects/what_are_the_odds/app/controllers/sessions_controller.rb": [
        0,
        0,
        0,
        0,
        0,
        0,
        0,
        0,
        0,
        0,
        0,
        0,
        0,
        0,
        0,
        0,
        0,
        0,
        0,
        0,
        0,
        0,
        0,
        0,
        0,
        0
      ],
      "/Users/bmartenson/turing/3module/projects/what_are_the_odds/app/controllers/texts_controller.rb": [
        0,
        0,
        0,
        0,
        0,
        0,
        0,
        0,
        0,
        0,
        0,
        0,
        0,
        0,
        0,
        0,
        0,
        0,
        0,
        0,
        0,
        0
      ],
      "/Users/bmartenson/turing/3module/projects/what_are_the_odds/app/controllers/users_controller.rb": [
        0,
        0,
        0,
        0,
        0,
        0,
        0,
        0,
        0,
        0,
        0,
        0,
        0,
        0,
        0,
        0,
        0,
        0,
        0
      ],
      "/Users/bmartenson/turing/3module/projects/what_are_the_odds/app/models/camera_service.rb": [
        0,
        0,
        0,
        0,
        0,
        0,
        0,
        0,
        0,
        0,
        0,
        0,
        0,
        0,
        0,
        0,
        0,
        0,
        0,
        0,
        0
      ],
      "/Users/bmartenson/turing/3module/projects/what_are_the_odds/app/models/facebook_service.rb": [
        0,
        0,
        0,
        0,
        0,
        0,
        0,
        0,
        0,
        0,
        0,
        0,
        0,
        0,
        0,
        0,
        0,
        0,
        0,
        0,
        0,
        0,
        0
      ],
      "/Users/bmartenson/turing/3module/projects/what_are_the_odds/app/models/friend_builder.rb": [
        0,
        0,
        0,
        0,
        0,
        0,
        0,
        0,
        0,
        0,
        0,
        0,
        0,
        0,
        0,
        0
      ],
      "/Users/bmartenson/turing/3module/projects/what_are_the_odds/app/models/friendship.rb": [
        0,
        0,
        0,
        0
      ],
      "/Users/bmartenson/turing/3module/projects/what_are_the_odds/app/models/twilio-service.rb": [
        0,
        0,
        0,
        0,
        0,
        0,
        0,
        0,
        0,
        0,
        0,
        0,
        0,
        0,
        0,
        0,
        0,
        0,
        0,
        0,
        0
      ]
    },
    "timestamp": 1457385534
  }
}
